<?xml version="1.0" encoding="UTF-8"?>
<!-- Generated by org.testng.reporters.JUnitXMLReporter -->
<testsuite ignored="0" hostname="ADMIW58ZLPC0664" failures="1" tests="1" name="Testng" time="21.026" errors="0" timestamp="2022-02-17T23:23:17 IST">
  <testcase classname="Testng.testng" name="chromeBrowser" time="20.985">
    <failure type="java.lang.IllegalArgumentException" message="Driver must be set">
      <![CDATA[java.lang.IllegalArgumentException: Driver must be set
at org.openqa.selenium.internal.Require.nonNull(Require.java:56)
at org.openqa.selenium.interactions.Actions.<init>(Actions.java:67)
at GiftsetSearch.Giftsearch.giftSearch(Giftsearch.java:11)
at Testng.testng.chromeBrowser(testng.java:30)
at java.base/java.util.ArrayList.forEach(ArrayList.java:1511)
... Removed 27 stack frames]]>
    </failure>
  </testcase> <!-- chromeBrowser -->
</testsuite> <!-- Testng -->
